[2025-05-23 00:03:07] [info] Request: technologist/createQualityCheck, Controller: TechnologistController, Method: createQualityCheck, User ID: 8, Role: technologist
[2025-05-23 00:03:08] [info] Request: favicon.ico, Controller: Favicon.icoController, Method: index, User ID: 8, Role: technologist
[2025-05-23 00:03:08] [error] Controller not found: Favicon.icoController, redirecting to login
[2025-05-23 00:03:08] [info] Request: auth/login, Controller: AuthController, Method: login, User ID: 8, Role: technologist
[2025-05-23 00:03:08] [info] Request: home, Controller: HomeController, Method: index, User ID: 8, Role: technologist
[2025-05-23 00:03:21] [info] Request: technologist/createQualityCheck, Controller: TechnologistController, Method: createQualityCheck, User: Not logged in
[2025-05-23 00:03:21] [info] Request: home, Controller: HomeController, Method: index, User: Not logged in
[2025-05-23 00:03:21] [info] Request: auth/login, Controller: AuthController, Method: login, User: Not logged in
[2025-05-23 00:03:25] [info] Request: favicon.ico, Controller: Favicon.icoController, Method: index, User: Not logged in
[2025-05-23 00:03:25] [error] Controller not found: Favicon.icoController, redirecting to login
[2025-05-23 00:03:25] [info] Request: auth/login, Controller: AuthController, Method: login, User: Not logged in
[2025-05-23 00:04:59] [info] Request: auth/login, Controller: AuthController, Method: login, User: Not logged in
[2025-05-23 00:04:59] [info] Request: home, Controller: HomeController, Method: index, User ID: 4, Role: supplier
[2025-05-23 00:05:00] [info] Request: favicon.ico, Controller: Favicon.icoController, Method: index, User ID: 4, Role: supplier
[2025-05-23 00:05:00] [error] Controller not found: Favicon.icoController, redirecting to login
[2025-05-23 00:05:00] [info] Request: auth/login, Controller: AuthController, Method: login, User ID: 4, Role: supplier
[2025-05-23 00:05:00] [info] Request: home, Controller: HomeController, Method: index, User ID: 4, Role: supplier
[2025-05-23 00:05:02] [info] Request: supplier/orders, Controller: SupplierController, Method: orders, User ID: 4, Role: supplier
[2025-05-23 00:05:02] [info] Request: favicon.ico, Controller: Favicon.icoController, Method: index, User ID: 4, Role: supplier
[2025-05-23 00:05:02] [error] Controller not found: Favicon.icoController, redirecting to login
[2025-05-23 00:05:02] [info] Request: auth/login, Controller: AuthController, Method: login, User ID: 4, Role: supplier
[2025-05-23 00:05:02] [info] Request: home, Controller: HomeController, Method: index, User ID: 4, Role: supplier
[2025-05-23 00:05:09] [info] Request: supplier/materials, Controller: SupplierController, Method: materials, User ID: 4, Role: supplier
[2025-05-23 00:05:09] [info] Request: favicon.ico, Controller: Favicon.icoController, Method: index, User ID: 4, Role: supplier
[2025-05-23 00:05:09] [error] Controller not found: Favicon.icoController, redirecting to login
[2025-05-23 00:05:09] [info] Request: auth/login, Controller: AuthController, Method: login, User ID: 4, Role: supplier
[2025-05-23 00:05:09] [info] Request: home, Controller: HomeController, Method: index, User ID: 4, Role: supplier
[2025-05-23 00:05:11] [info] Request: supplier/orders, Controller: SupplierController, Method: orders, User ID: 4, Role: supplier
[2025-05-23 00:05:11] [info] Request: favicon.ico, Controller: Favicon.icoController, Method: index, User ID: 4, Role: supplier
[2025-05-23 00:05:11] [error] Controller not found: Favicon.icoController, redirecting to login
[2025-05-23 00:05:11] [info] Request: auth/login, Controller: AuthController, Method: login, User ID: 4, Role: supplier
[2025-05-23 00:05:11] [info] Request: home, Controller: HomeController, Method: index, User ID: 4, Role: supplier
[2025-05-23 00:05:15] [info] Request: auth/logout, Controller: AuthController, Method: logout, User ID: 4, Role: supplier
[2025-05-23 00:05:15] [info] Request: auth/login, Controller: AuthController, Method: login, User: Not logged in
[2025-05-23 00:05:15] [info] Request: favicon.ico, Controller: Favicon.icoController, Method: index, User: Not logged in
[2025-05-23 00:05:15] [error] Controller not found: Favicon.icoController, redirecting to login
[2025-05-23 00:05:15] [info] Request: auth/login, Controller: AuthController, Method: login, User: Not logged in
[2025-05-23 00:05:17] [info] Request: auth/login, Controller: AuthController, Method: login, User: Not logged in
[2025-05-23 00:05:17] [info] Request: home, Controller: HomeController, Method: index, User ID: 1, Role: admin
[2025-05-23 00:05:17] [info] Request: favicon.ico, Controller: Favicon.icoController, Method: index, User ID: 1, Role: admin
[2025-05-23 00:05:17] [error] Controller not found: Favicon.icoController, redirecting to login
[2025-05-23 00:05:17] [info] Request: auth/login, Controller: AuthController, Method: login, User ID: 1, Role: admin
[2025-05-23 00:05:17] [info] Request: home, Controller: HomeController, Method: index, User ID: 1, Role: admin
[2025-05-23 00:05:20] [info] Request: admin/orders, Controller: AdminController, Method: orders, User ID: 1, Role: admin
[2025-05-23 00:05:20] [info] Request: favicon.ico, Controller: Favicon.icoController, Method: index, User ID: 1, Role: admin
[2025-05-23 00:05:20] [error] Controller not found: Favicon.icoController, redirecting to login
[2025-05-23 00:05:20] [info] Request: auth/login, Controller: AuthController, Method: login, User ID: 1, Role: admin
[2025-05-23 00:05:20] [info] Request: home, Controller: HomeController, Method: index, User ID: 1, Role: admin
[2025-05-23 00:05:21] [info] Request: admin/createOrder, Controller: AdminController, Method: createOrder, User ID: 1, Role: admin
[2025-05-23 00:05:21] [info] Request: favicon.ico, Controller: Favicon.icoController, Method: index, User ID: 1, Role: admin
[2025-05-23 00:05:21] [error] Controller not found: Favicon.icoController, redirecting to login
[2025-05-23 00:05:21] [info] Request: auth/login, Controller: AuthController, Method: login, User ID: 1, Role: admin
[2025-05-23 00:05:21] [info] Request: home, Controller: HomeController, Method: index, User ID: 1, Role: admin
[2025-05-23 00:05:28] [info] Request: admin/createOrder, Controller: AdminController, Method: createOrder, User ID: 1, Role: admin
[2025-05-23 00:05:28] [info] Request: admin/editOrder/8, Controller: AdminController, Method: editOrder, User ID: 1, Role: admin
[2025-05-23 00:05:28] [info] Request: favicon.ico, Controller: Favicon.icoController, Method: index, User ID: 1, Role: admin
[2025-05-23 00:05:28] [error] Controller not found: Favicon.icoController, redirecting to login
[2025-05-23 00:05:28] [info] Request: auth/login, Controller: AuthController, Method: login, User ID: 1, Role: admin
[2025-05-23 00:05:28] [info] Request: home, Controller: HomeController, Method: index, User ID: 1, Role: admin
[2025-05-23 00:05:30] [info] Request: admin/addOrderItem/8, Controller: AdminController, Method: addOrderItem, User ID: 1, Role: admin
[2025-05-23 00:05:30] [info] Request: favicon.ico, Controller: Favicon.icoController, Method: index, User ID: 1, Role: admin
[2025-05-23 00:05:30] [error] Controller not found: Favicon.icoController, redirecting to login
[2025-05-23 00:05:30] [info] Request: auth/login, Controller: AuthController, Method: login, User ID: 1, Role: admin
[2025-05-23 00:05:30] [info] Request: home, Controller: HomeController, Method: index, User ID: 1, Role: admin
[2025-05-23 00:05:36] [info] Request: admin/addOrderItem/8, Controller: AdminController, Method: addOrderItem, User ID: 1, Role: admin
[2025-05-23 00:05:36] [info] Request: favicon.ico, Controller: Favicon.icoController, Method: index, User ID: 1, Role: admin
[2025-05-23 00:05:36] [error] Controller not found: Favicon.icoController, redirecting to login
[2025-05-23 00:05:36] [info] Request: auth/login, Controller: AuthController, Method: login, User ID: 1, Role: admin
[2025-05-23 00:05:36] [info] Request: home, Controller: HomeController, Method: index, User ID: 1, Role: admin
[2025-05-23 00:05:43] [info] Request: admin/addOrderItem/8, Controller: AdminController, Method: addOrderItem, User ID: 1, Role: admin
[2025-05-23 00:05:43] [info] Request: favicon.ico, Controller: Favicon.icoController, Method: index, User ID: 1, Role: admin
[2025-05-23 00:05:43] [error] Controller not found: Favicon.icoController, redirecting to login
[2025-05-23 00:05:43] [info] Request: auth/login, Controller: AuthController, Method: login, User ID: 1, Role: admin
[2025-05-23 00:05:43] [info] Request: home, Controller: HomeController, Method: index, User ID: 1, Role: admin
[2025-05-23 00:44:46] [info] Request: home, Controller: HomeController, Method: index, User ID: 8, Role: technologist
[2025-05-23 00:44:46] [info] Request: technologist/createQualityCheck, Controller: TechnologistController, Method: createQualityCheck, User ID: 8, Role: technologist
[2025-05-23 00:44:47] [info] Request: favicon.ico, Controller: Favicon.icoController, Method: index, User ID: 8, Role: technologist
[2025-05-23 00:44:47] [error] Controller not found: Favicon.icoController, redirecting to login
[2025-05-23 00:44:47] [info] Request: auth/login, Controller: AuthController, Method: login, User ID: 8, Role: technologist
[2025-05-23 00:44:47] [info] Request: favicon.ico, Controller: Favicon.icoController, Method: index, User ID: 8, Role: technologist
[2025-05-23 00:44:47] [error] Controller not found: Favicon.icoController, redirecting to login
[2025-05-23 00:44:47] [info] Request: home, Controller: HomeController, Method: index, User ID: 8, Role: technologist
[2025-05-23 00:44:47] [info] Request: auth/login, Controller: AuthController, Method: login, User ID: 8, Role: technologist
[2025-05-23 00:44:47] [info] Request: home, Controller: HomeController, Method: index, User ID: 8, Role: technologist
[2025-05-23 00:44:50] [info] Request: home, Controller: HomeController, Method: index, User ID: 8, Role: technologist
[2025-05-23 00:44:53] [info] Request: favicon.ico, Controller: Favicon.icoController, Method: index, User ID: 8, Role: technologist
[2025-05-23 00:44:53] [error] Controller not found: Favicon.icoController, redirecting to login
[2025-05-23 00:44:53] [info] Request: auth/login, Controller: AuthController, Method: login, User ID: 8, Role: technologist
[2025-05-23 00:44:53] [info] Request: home, Controller: HomeController, Method: index, User ID: 8, Role: technologist
[2025-05-23 23:49:01] [info] Request: home, Controller: HomeController, Method: index, User ID: 8, Role: technologist
[2025-05-23 23:49:03] [info] Request: favicon.ico, Controller: Favicon.icoController, Method: index, User ID: 8, Role: technologist
[2025-05-23 23:49:03] [error] Controller not found: Favicon.icoController, redirecting to login
[2025-05-23 23:49:03] [info] Request: auth/login, Controller: AuthController, Method: login, User ID: 8, Role: technologist
[2025-05-23 23:49:03] [info] Request: home, Controller: HomeController, Method: index, User ID: 8, Role: technologist
