[2025-05-22 13:46:17] [info] Request: auth/login, Controller: AuthController, Method: login, User: Not logged in
[2025-05-22 13:46:18] [info] Request: favicon.ico, Controller: Favicon.icoController, Method: index, User: Not logged in
[2025-05-22 13:46:18] [error] Controller not found: Favicon.icoController, redirecting to login
[2025-05-22 13:46:18] [info] Request: auth/login, Controller: AuthController, Method: login, User: Not logged in
[2025-05-22 13:46:40] [info] Request: auth/login, Controller: AuthController, Method: login, User: Not logged in
[2025-05-22 13:46:41] [info] Request: favicon.ico, Controller: Favicon.icoController, Method: index, User: Not logged in
[2025-05-22 13:46:41] [error] Controller not found: Favicon.icoController, redirecting to login
[2025-05-22 13:46:41] [info] Request: auth/login, Controller: AuthController, Method: login, User: Not logged in
[2025-05-22 13:46:43] [info] Request: auth/login, Controller: AuthController, Method: login, User: Not logged in
[2025-05-22 13:46:44] [info] Request: favicon.ico, Controller: Favicon.icoController, Method: index, User: Not logged in
[2025-05-22 13:46:44] [error] Controller not found: Favicon.icoController, redirecting to login
[2025-05-22 13:46:44] [info] Request: auth/login, Controller: AuthController, Method: login, User: Not logged in
[2025-05-22 13:46:49] [info] Request: , Controller: HomeController, Method: index, User: Not logged in
[2025-05-22 13:46:49] [info] Request: auth/login, Controller: AuthController, Method: login, User: Not logged in
[2025-05-22 13:46:50] [info] Request: favicon.ico, Controller: Favicon.icoController, Method: index, User: Not logged in
[2025-05-22 13:46:50] [error] Controller not found: Favicon.icoController, redirecting to login
[2025-05-22 13:46:50] [info] Request: auth/login, Controller: AuthController, Method: login, User: Not logged in
[2025-05-22 13:46:51] [info] Request: auth/login, Controller: AuthController, Method: login, User: Not logged in
[2025-05-22 13:46:52] [info] Request: favicon.ico, Controller: Favicon.icoController, Method: index, User: Not logged in
[2025-05-22 13:46:52] [error] Controller not found: Favicon.icoController, redirecting to login
[2025-05-22 13:46:52] [info] Request: auth/login, Controller: AuthController, Method: login, User: Not logged in
[2025-05-22 13:46:53] [info] Request: , Controller: HomeController, Method: index, User: Not logged in
[2025-05-22 13:46:53] [info] Request: auth/login, Controller: AuthController, Method: login, User: Not logged in
[2025-05-22 13:46:54] [info] Request: favicon.ico, Controller: Favicon.icoController, Method: index, User: Not logged in
[2025-05-22 13:46:54] [error] Controller not found: Favicon.icoController, redirecting to login
[2025-05-22 13:46:54] [info] Request: auth/login, Controller: AuthController, Method: login, User: Not logged in
[2025-05-22 13:46:58] [info] Request: auth/login, Controller: AuthController, Method: login, User: Not logged in
[2025-05-22 13:47:00] [info] Request: favicon.ico, Controller: Favicon.icoController, Method: index, User: Not logged in
[2025-05-22 13:47:00] [error] Controller not found: Favicon.icoController, redirecting to login
[2025-05-22 13:47:00] [info] Request: auth/login, Controller: AuthController, Method: login, User: Not logged in
[2025-05-22 13:47:59] [info] Request: auth/login, Controller: AuthController, Method: login, User: Not logged in
[2025-05-22 13:48:00] [info] Request: favicon.ico, Controller: Favicon.icoController, Method: index, User: Not logged in
[2025-05-22 13:48:00] [error] Controller not found: Favicon.icoController, redirecting to login
[2025-05-22 13:48:00] [info] Request: auth/login, Controller: AuthController, Method: login, User: Not logged in
[2025-05-22 13:48:12] [info] Request: auth/login, Controller: AuthController, Method: login, User: Not logged in
[2025-05-22 13:48:13] [info] Request: favicon.ico, Controller: Favicon.icoController, Method: index, User: Not logged in
[2025-05-22 13:48:13] [error] Controller not found: Favicon.icoController, redirecting to login
[2025-05-22 13:48:13] [info] Request: auth/login, Controller: AuthController, Method: login, User: Not logged in
[2025-05-22 13:48:40] [info] Request: auth/login, Controller: AuthController, Method: login, User: Not logged in
[2025-05-22 13:48:40] [info] Request: home, Controller: HomeController, Method: index, User ID: 1, Role: admin
[2025-05-22 13:48:41] [info] Request: favicon.ico, Controller: Favicon.icoController, Method: index, User ID: 1, Role: admin
[2025-05-22 13:48:41] [error] Controller not found: Favicon.icoController, redirecting to login
[2025-05-22 13:48:41] [info] Request: auth/login, Controller: AuthController, Method: login, User ID: 1, Role: admin
[2025-05-22 13:48:41] [info] Request: home, Controller: HomeController, Method: index, User ID: 1, Role: admin
[2025-05-22 13:48:49] [info] Request: home/messages, Controller: HomeController, Method: messages, User ID: 1, Role: admin
[2025-05-22 13:48:50] [info] Request: favicon.ico, Controller: Favicon.icoController, Method: index, User ID: 1, Role: admin
[2025-05-22 13:48:50] [error] Controller not found: Favicon.icoController, redirecting to login
[2025-05-22 13:48:50] [info] Request: auth/login, Controller: AuthController, Method: login, User ID: 1, Role: admin
[2025-05-22 13:48:50] [info] Request: home, Controller: HomeController, Method: index, User ID: 1, Role: admin
[2025-05-22 13:49:03] [info] Request: admin/recipes, Controller: AdminController, Method: recipes, User ID: 1, Role: admin
[2025-05-22 13:49:04] [info] Request: favicon.ico, Controller: Favicon.icoController, Method: index, User ID: 1, Role: admin
[2025-05-22 13:49:04] [error] Controller not found: Favicon.icoController, redirecting to login
[2025-05-22 13:49:04] [info] Request: auth/login, Controller: AuthController, Method: login, User ID: 1, Role: admin
[2025-05-22 13:49:04] [info] Request: home, Controller: HomeController, Method: index, User ID: 1, Role: admin
[2025-05-22 13:49:04] [info] Request: admin/products, Controller: AdminController, Method: products, User ID: 1, Role: admin
[2025-05-22 13:49:05] [info] Request: admin/users, Controller: AdminController, Method: users, User ID: 1, Role: admin
[2025-05-22 13:49:07] [info] Request: favicon.ico, Controller: Favicon.icoController, Method: index, User ID: 1, Role: admin
[2025-05-22 13:49:07] [error] Controller not found: Favicon.icoController, redirecting to login
[2025-05-22 13:49:07] [info] Request: auth/login, Controller: AuthController, Method: login, User ID: 1, Role: admin
[2025-05-22 13:49:07] [info] Request: home, Controller: HomeController, Method: index, User ID: 1, Role: admin
[2025-05-22 13:49:07] [info] Request: admin/reports, Controller: AdminController, Method: reports, User ID: 1, Role: admin
[2025-05-22 13:49:08] [info] Request: favicon.ico, Controller: Favicon.icoController, Method: index, User ID: 1, Role: admin
[2025-05-22 13:49:08] [error] Controller not found: Favicon.icoController, redirecting to login
[2025-05-22 13:49:08] [info] Request: auth/login, Controller: AuthController, Method: login, User ID: 1, Role: admin
[2025-05-22 13:49:08] [info] Request: home, Controller: HomeController, Method: index, User ID: 1, Role: admin
[2025-05-22 13:49:10] [info] Request: home, Controller: HomeController, Method: index, User ID: 1, Role: admin
[2025-05-22 13:49:11] [info] Request: favicon.ico, Controller: Favicon.icoController, Method: index, User ID: 1, Role: admin
[2025-05-22 13:49:11] [error] Controller not found: Favicon.icoController, redirecting to login
[2025-05-22 13:49:11] [info] Request: auth/login, Controller: AuthController, Method: login, User ID: 1, Role: admin
[2025-05-22 13:49:11] [info] Request: home, Controller: HomeController, Method: index, User ID: 1, Role: admin
[2025-05-22 13:49:17] [info] Request: admin/orders, Controller: AdminController, Method: orders, User ID: 1, Role: admin
[2025-05-22 13:49:18] [info] Request: favicon.ico, Controller: Favicon.icoController, Method: index, User ID: 1, Role: admin
[2025-05-22 13:49:18] [error] Controller not found: Favicon.icoController, redirecting to login
[2025-05-22 13:49:18] [info] Request: auth/login, Controller: AuthController, Method: login, User ID: 1, Role: admin
[2025-05-22 13:49:18] [info] Request: home, Controller: HomeController, Method: index, User ID: 1, Role: admin
[2025-05-22 13:49:20] [info] Request: admin/orders, Controller: AdminController, Method: orders, User ID: 1, Role: admin
[2025-05-22 13:49:21] [info] Request: favicon.ico, Controller: Favicon.icoController, Method: index, User ID: 1, Role: admin
[2025-05-22 13:49:21] [error] Controller not found: Favicon.icoController, redirecting to login
[2025-05-22 13:49:21] [info] Request: auth/login, Controller: AuthController, Method: login, User ID: 1, Role: admin
[2025-05-22 13:49:21] [info] Request: home, Controller: HomeController, Method: index, User ID: 1, Role: admin
[2025-05-22 13:49:24] [info] Request: admin/orders, Controller: AdminController, Method: orders, User ID: 1, Role: admin
[2025-05-22 13:49:25] [info] Request: admin/orders, Controller: AdminController, Method: orders, User ID: 1, Role: admin
[2025-05-22 13:49:26] [info] Request: favicon.ico, Controller: Favicon.icoController, Method: index, User ID: 1, Role: admin
[2025-05-22 13:49:26] [error] Controller not found: Favicon.icoController, redirecting to login
[2025-05-22 13:49:26] [info] Request: auth/login, Controller: AuthController, Method: login, User ID: 1, Role: admin
[2025-05-22 13:49:26] [info] Request: home, Controller: HomeController, Method: index, User ID: 1, Role: admin
[2025-05-22 13:49:45] [info] Request: home, Controller: HomeController, Method: index, User ID: 1, Role: admin
[2025-05-22 13:49:46] [info] Request: favicon.ico, Controller: Favicon.icoController, Method: index, User ID: 1, Role: admin
[2025-05-22 13:49:46] [error] Controller not found: Favicon.icoController, redirecting to login
[2025-05-22 13:49:46] [info] Request: auth/login, Controller: AuthController, Method: login, User ID: 1, Role: admin
[2025-05-22 13:49:46] [info] Request: home, Controller: HomeController, Method: index, User ID: 1, Role: admin
[2025-05-22 17:28:07] [info] Доступ до сторінки: AuthController::login від користувача: Адміністратор системи
[2025-05-22 17:28:07] [info] Доступ до сторінки: HomeController::index від користувача: Адміністратор системи
[2025-05-22 17:28:16] [info] Доступ до сторінки: HomeController::index від користувача: Адміністратор системи
[2025-05-22 17:28:19] [info] Доступ до сторінки: HomeController::index від користувача: Адміністратор системи
[2025-05-22 17:28:24] [info] Доступ до сторінки: HomeController::index від користувача: Адміністратор системи
[2025-05-22 17:28:27] [info] Доступ до сторінки: HomeController::index від користувача: Адміністратор системи
[2025-05-22 17:28:45] [info] Доступ до сторінки: AdminController::orders від користувача: Адміністратор системи
[2025-05-22 17:28:47] [info] Доступ до сторінки: HomeController::index від користувача: Адміністратор системи
[2025-05-22 17:28:59] [info] Доступ до сторінки: HomeController::index від користувача: Адміністратор системи
[2025-05-22 17:29:02] [info] Доступ до сторінки: HomeController::index від користувача: Адміністратор системи
[2025-05-22 17:29:05] [info] Доступ до сторінки: HomeController::index від користувача: Адміністратор системи
[2025-05-22 17:29:09] [info] Доступ до сторінки: HomeController::index від користувача: Адміністратор системи
[2025-05-22 17:29:20] [info] Доступ до сторінки: HomeController::index від користувача: Адміністратор системи
[2025-05-22 17:29:30] [info] Доступ до сторінки: HomeController::index від користувача: Адміністратор системи
[2025-05-22 17:29:43] [info] Доступ до сторінки: AdminController::reports від користувача: Адміністратор системи
[2025-05-22 17:29:45] [info] Доступ до сторінки: HomeController::index від користувача: Адміністратор системи
[2025-05-22 17:29:47] [info] Доступ до сторінки: AuthController::login від користувача: Адміністратор системи
[2025-05-22 17:29:47] [info] Доступ до сторінки: HomeController::index від користувача: Адміністратор системи
[2025-05-22 17:29:50] [info] Доступ до сторінки: HomeController::index від користувача: Адміністратор системи
[2025-05-22 17:29:51] [info] Доступ до сторінки: AuthController::login від користувача: Адміністратор системи
[2025-05-22 17:29:51] [info] Доступ до сторінки: HomeController::index від користувача: Адміністратор системи
[2025-05-22 17:29:57] [info] Доступ до сторінки: AuthController::login від користувача: Guest
[2025-05-22 17:30:14] [info] Request: auth/login, Controller: AuthController, Method: login, User: Not logged in
[2025-05-22 17:30:15] [info] Request: favicon.ico, Controller: Favicon.icoController, Method: index, User: Not logged in
[2025-05-22 17:30:15] [error] Controller not found: Favicon.icoController, redirecting to login
[2025-05-22 17:30:15] [info] Request: auth/login, Controller: AuthController, Method: login, User: Not logged in
[2025-05-22 17:30:33] [info] Доступ до сторінки: AuthController::login від користувача: Guest
[2025-05-22 17:30:40] [info] Доступ до сторінки: AuthController::login від користувача: Guest
[2025-05-22 17:30:50] [info] Доступ до сторінки: AuthController::register від користувача: Guest
[2025-05-22 17:30:50] [info] Доступ до сторінки: AuthController::register від користувача: Guest
[2025-05-22 17:30:52] [info] Доступ до сторінки: AuthController::login від користувача: Guest
[2025-05-22 17:30:53] [info] Доступ до сторінки: AuthController::login від користувача: Guest
[2025-05-22 17:30:59] [info] Доступ до сторінки: AuthController::login від користувача: Guest
[2025-05-22 17:31:01] [info] Доступ до сторінки: AuthController::login від користувача: Guest
[2025-05-22 17:31:03] [info] Доступ до сторінки: AuthController::login від користувача: Guest
[2025-05-22 17:31:04] [info] Доступ до сторінки: AuthController::login від користувача: Guest
[2025-05-22 17:31:08] [info] Доступ до сторінки: AuthController::login від користувача: Guest
[2025-05-22 17:31:08] [info] Доступ до сторінки: HomeController::index від користувача: Адміністратор системи
[2025-05-22 17:31:20] [info] Доступ до сторінки: HomeController::index від користувача: Адміністратор системи
[2025-05-22 17:31:29] [info] Доступ до сторінки: HomeController::index від користувача: Адміністратор системи
[2025-05-22 17:31:38] [info] Доступ до сторінки: HomeController::index від користувача: Адміністратор системи
[2025-05-22 17:31:41] [info] Доступ до сторінки: HomeController::index від користувача: Адміністратор системи
[2025-05-22 17:31:44] [info] Доступ до сторінки: HomeController::index від користувача: Адміністратор системи
[2025-05-22 17:32:10] [info] Доступ до сторінки: HomeController::index від користувача: Адміністратор системи
[2025-05-22 17:32:28] [info] Доступ до сторінки: HomeController::index від користувача: Адміністратор системи
[2025-05-22 17:32:32] [info] Доступ до сторінки: HomeController::index від користувача: Адміністратор системи
[2025-05-22 17:33:13] [info] Доступ до сторінки: HomeController::index від користувача: Адміністратор системи
[2025-05-22 17:33:47] [info] Доступ до сторінки: HomeController::index від користувача: Адміністратор системи
[2025-05-22 17:34:03] [info] Request: home, Controller: HomeController, Method: index, User ID: 1, Role: admin
[2025-05-22 17:34:04] [info] Request: favicon.ico, Controller: Favicon.icoController, Method: index, User ID: 1, Role: admin
[2025-05-22 17:34:04] [error] Controller not found: Favicon.icoController, redirecting to login
[2025-05-22 17:34:04] [info] Request: auth/login, Controller: AuthController, Method: login, User ID: 1, Role: admin
[2025-05-22 17:34:04] [info] Request: home, Controller: HomeController, Method: index, User ID: 1, Role: admin
[2025-05-22 17:34:07] [info] Request: home, Controller: HomeController, Method: index, User ID: 1, Role: admin
[2025-05-22 17:34:08] [info] Request: favicon.ico, Controller: Favicon.icoController, Method: index, User ID: 1, Role: admin
[2025-05-22 17:34:08] [error] Controller not found: Favicon.icoController, redirecting to login
[2025-05-22 17:34:08] [info] Request: auth/login, Controller: AuthController, Method: login, User ID: 1, Role: admin
[2025-05-22 17:34:08] [info] Request: home, Controller: HomeController, Method: index, User ID: 1, Role: admin
[2025-05-22 17:34:10] [info] Request: admin/users, Controller: AdminController, Method: users, User ID: 1, Role: admin
[2025-05-22 17:34:11] [info] Request: favicon.ico, Controller: Favicon.icoController, Method: index, User ID: 1, Role: admin
[2025-05-22 17:34:11] [error] Controller not found: Favicon.icoController, redirecting to login
[2025-05-22 17:34:11] [info] Request: auth/login, Controller: AuthController, Method: login, User ID: 1, Role: admin
[2025-05-22 17:34:11] [info] Request: home, Controller: HomeController, Method: index, User ID: 1, Role: admin
[2025-05-22 17:34:11] [info] Request: admin/recipes, Controller: AdminController, Method: recipes, User ID: 1, Role: admin
[2025-05-22 17:34:13] [info] Request: home, Controller: HomeController, Method: index, User ID: 1, Role: admin
[2025-05-22 17:34:14] [info] Request: favicon.ico, Controller: Favicon.icoController, Method: index, User ID: 1, Role: admin
[2025-05-22 17:34:14] [error] Controller not found: Favicon.icoController, redirecting to login
[2025-05-22 17:34:14] [info] Request: auth/login, Controller: AuthController, Method: login, User ID: 1, Role: admin
[2025-05-22 17:34:14] [info] Request: home, Controller: HomeController, Method: index, User ID: 1, Role: admin
[2025-05-22 17:34:16] [info] Request: admin/users, Controller: AdminController, Method: users, User ID: 1, Role: admin
[2025-05-22 17:34:17] [info] Request: admin/recipes, Controller: AdminController, Method: recipes, User ID: 1, Role: admin
[2025-05-22 17:34:18] [info] Request: favicon.ico, Controller: Favicon.icoController, Method: index, User ID: 1, Role: admin
[2025-05-22 17:34:18] [error] Controller not found: Favicon.icoController, redirecting to login
[2025-05-22 17:34:18] [info] Request: auth/login, Controller: AuthController, Method: login, User ID: 1, Role: admin
[2025-05-22 17:34:18] [info] Request: admin/products, Controller: AdminController, Method: products, User ID: 1, Role: admin
[2025-05-22 17:34:18] [info] Request: home, Controller: HomeController, Method: index, User ID: 1, Role: admin
[2025-05-22 17:34:20] [info] Request: favicon.ico, Controller: Favicon.icoController, Method: index, User ID: 1, Role: admin
[2025-05-22 17:34:20] [error] Controller not found: Favicon.icoController, redirecting to login
[2025-05-22 17:34:20] [info] Request: auth/login, Controller: AuthController, Method: login, User ID: 1, Role: admin
[2025-05-22 17:34:20] [info] Request: home, Controller: HomeController, Method: index, User ID: 1, Role: admin
[2025-05-22 17:34:20] [info] Request: admin/videoSurveillance, Controller: AdminController, Method: videoSurveillance, User ID: 1, Role: admin
[2025-05-22 17:34:21] [info] Request: favicon.ico, Controller: Favicon.icoController, Method: index, User ID: 1, Role: admin
[2025-05-22 17:34:21] [error] Controller not found: Favicon.icoController, redirecting to login
[2025-05-22 17:34:21] [info] Request: auth/login, Controller: AuthController, Method: login, User ID: 1, Role: admin
[2025-05-22 17:34:21] [info] Request: home, Controller: HomeController, Method: index, User ID: 1, Role: admin
[2025-05-22 17:34:21] [info] Request: warehouse/inventory, Controller: WarehouseController, Method: inventory, User ID: 1, Role: admin
[2025-05-22 17:34:23] [info] Request: favicon.ico, Controller: Favicon.icoController, Method: index, User ID: 1, Role: admin
[2025-05-22 17:34:23] [error] Controller not found: Favicon.icoController, redirecting to login
[2025-05-22 17:34:23] [info] Request: auth/login, Controller: AuthController, Method: login, User ID: 1, Role: admin
[2025-05-22 17:34:23] [info] Request: home, Controller: HomeController, Method: index, User ID: 1, Role: admin
[2025-05-22 17:34:23] [info] Request: warehouse/production, Controller: WarehouseController, Method: production, User ID: 1, Role: admin
[2025-05-22 17:34:24] [info] Request: favicon.ico, Controller: Favicon.icoController, Method: index, User ID: 1, Role: admin
[2025-05-22 17:34:24] [error] Controller not found: Favicon.icoController, redirecting to login
[2025-05-22 17:34:24] [info] Request: auth/login, Controller: AuthController, Method: login, User ID: 1, Role: admin
[2025-05-22 17:34:24] [info] Request: home, Controller: HomeController, Method: index, User ID: 1, Role: admin
[2025-05-22 17:34:24] [info] Request: warehouse/reports, Controller: WarehouseController, Method: reports, User ID: 1, Role: admin
[2025-05-22 17:34:26] [info] Request: favicon.ico, Controller: Favicon.icoController, Method: index, User ID: 1, Role: admin
[2025-05-22 17:34:26] [error] Controller not found: Favicon.icoController, redirecting to login
[2025-05-22 17:34:26] [info] Request: warehouse/production, Controller: WarehouseController, Method: production, User ID: 1, Role: admin
[2025-05-22 17:34:26] [info] Request: auth/login, Controller: AuthController, Method: login, User ID: 1, Role: admin
[2025-05-22 17:34:27] [info] Request: favicon.ico, Controller: Favicon.icoController, Method: index, User ID: 1, Role: admin
[2025-05-22 17:34:27] [error] Controller not found: Favicon.icoController, redirecting to login
[2025-05-22 17:34:27] [info] Request: auth/login, Controller: AuthController, Method: login, User ID: 1, Role: admin
[2025-05-22 17:34:27] [info] Request: home, Controller: HomeController, Method: index, User ID: 1, Role: admin
[2025-05-22 17:34:28] [info] Request: supplier/orders, Controller: SupplierController, Method: orders, User ID: 1, Role: admin
[2025-05-22 17:34:29] [info] Request: supplier/materials, Controller: SupplierController, Method: materials, User ID: 1, Role: admin
[2025-05-22 17:34:30] [info] Request: supplier/reports, Controller: SupplierController, Method: reports, User ID: 1, Role: admin
[2025-05-22 17:34:32] [info] Request: favicon.ico, Controller: Favicon.icoController, Method: index, User ID: 1, Role: admin
[2025-05-22 17:34:32] [error] Controller not found: Favicon.icoController, redirecting to login
[2025-05-22 17:34:32] [info] Request: auth/login, Controller: AuthController, Method: login, User ID: 1, Role: admin
[2025-05-22 17:34:32] [info] Request: home, Controller: HomeController, Method: index, User ID: 1, Role: admin
[2025-05-22 17:34:33] [info] Request: supplier/materials, Controller: SupplierController, Method: materials, User ID: 1, Role: admin
[2025-05-22 17:34:34] [info] Request: favicon.ico, Controller: Favicon.icoController, Method: index, User ID: 1, Role: admin
[2025-05-22 17:34:34] [error] Controller not found: Favicon.icoController, redirecting to login
[2025-05-22 17:34:34] [info] Request: auth/login, Controller: AuthController, Method: login, User ID: 1, Role: admin
[2025-05-22 17:34:34] [info] Request: home, Controller: HomeController, Method: index, User ID: 1, Role: admin
[2025-05-22 17:34:49] [info] Request: home, Controller: HomeController, Method: index, User ID: 1, Role: admin
[2025-05-22 17:34:51] [info] Request: favicon.ico, Controller: Favicon.icoController, Method: index, User ID: 1, Role: admin
[2025-05-22 17:34:51] [error] Controller not found: Favicon.icoController, redirecting to login
[2025-05-22 17:34:51] [info] Request: auth/login, Controller: AuthController, Method: login, User ID: 1, Role: admin
[2025-05-22 17:34:51] [info] Request: home, Controller: HomeController, Method: index, User ID: 1, Role: admin
[2025-05-22 17:34:52] [info] Request: auth/logout, Controller: AuthController, Method: logout, User ID: 1, Role: admin
[2025-05-22 17:34:52] [info] Request: auth/login, Controller: AuthController, Method: login, User: Not logged in
[2025-05-22 17:34:54] [info] Request: favicon.ico, Controller: Favicon.icoController, Method: index, User: Not logged in
[2025-05-22 17:34:54] [error] Controller not found: Favicon.icoController, redirecting to login
[2025-05-22 17:34:54] [info] Request: auth/login, Controller: AuthController, Method: login, User: Not logged in
[2025-05-22 17:34:55] [info] Request: auth/login, Controller: AuthController, Method: login, User: Not logged in
[2025-05-22 17:34:55] [info] Request: home, Controller: HomeController, Method: index, User ID: 4, Role: supplier
[2025-05-22 17:34:56] [info] Request: favicon.ico, Controller: Favicon.icoController, Method: index, User ID: 4, Role: supplier
[2025-05-22 17:34:56] [error] Controller not found: Favicon.icoController, redirecting to login
[2025-05-22 17:34:56] [info] Request: auth/login, Controller: AuthController, Method: login, User ID: 4, Role: supplier
[2025-05-22 17:34:56] [info] Request: home, Controller: HomeController, Method: index, User ID: 4, Role: supplier
[2025-05-22 17:34:58] [info] Request: auth/logout, Controller: AuthController, Method: logout, User ID: 4, Role: supplier
[2025-05-22 17:34:58] [info] Request: auth/login, Controller: AuthController, Method: login, User: Not logged in
[2025-05-22 17:34:59] [info] Request: favicon.ico, Controller: Favicon.icoController, Method: index, User: Not logged in
[2025-05-22 17:34:59] [error] Controller not found: Favicon.icoController, redirecting to login
[2025-05-22 17:34:59] [info] Request: auth/login, Controller: AuthController, Method: login, User: Not logged in
[2025-05-22 17:35:02] [info] Request: auth/login, Controller: AuthController, Method: login, User: Not logged in
[2025-05-22 17:35:03] [info] Request: favicon.ico, Controller: Favicon.icoController, Method: index, User: Not logged in
[2025-05-22 17:35:03] [error] Controller not found: Favicon.icoController, redirecting to login
[2025-05-22 17:35:03] [info] Request: auth/login, Controller: AuthController, Method: login, User: Not logged in
[2025-05-22 17:35:13] [info] Request: auth/login, Controller: AuthController, Method: login, User: Not logged in
[2025-05-22 17:35:14] [info] Request: favicon.ico, Controller: Favicon.icoController, Method: index, User: Not logged in
[2025-05-22 17:35:14] [error] Controller not found: Favicon.icoController, redirecting to login
[2025-05-22 17:35:14] [info] Request: auth/login, Controller: AuthController, Method: login, User: Not logged in
[2025-05-22 17:35:49] [info] Request: auth/login, Controller: AuthController, Method: login, User: Not logged in
[2025-05-22 17:35:50] [info] Request: home, Controller: HomeController, Method: index, User ID: 8, Role: technologist
[2025-05-22 17:35:51] [info] Request: favicon.ico, Controller: Favicon.icoController, Method: index, User ID: 8, Role: technologist
[2025-05-22 17:35:51] [error] Controller not found: Favicon.icoController, redirecting to login
[2025-05-22 17:35:51] [info] Request: auth/login, Controller: AuthController, Method: login, User ID: 8, Role: technologist
[2025-05-22 17:35:51] [info] Request: home, Controller: HomeController, Method: index, User ID: 8, Role: technologist
[2025-05-22 17:35:54] [info] Request: technologist/qualityChecks, Controller: TechnologistController, Method: qualityChecks, User ID: 8, Role: technologist
[2025-05-22 17:35:56] [info] Request: favicon.ico, Controller: Favicon.icoController, Method: index, User ID: 8, Role: technologist
[2025-05-22 17:35:56] [error] Controller not found: Favicon.icoController, redirecting to login
[2025-05-22 17:35:56] [info] Request: auth/login, Controller: AuthController, Method: login, User ID: 8, Role: technologist
[2025-05-22 17:35:56] [info] Request: home, Controller: HomeController, Method: index, User ID: 8, Role: technologist
[2025-05-22 17:35:57] [info] Request: home, Controller: HomeController, Method: index, User ID: 8, Role: technologist
[2025-05-22 17:35:59] [info] Request: favicon.ico, Controller: Favicon.icoController, Method: index, User ID: 8, Role: technologist
[2025-05-22 17:35:59] [error] Controller not found: Favicon.icoController, redirecting to login
[2025-05-22 17:35:59] [info] Request: auth/login, Controller: AuthController, Method: login, User ID: 8, Role: technologist
[2025-05-22 17:35:59] [info] Request: home, Controller: HomeController, Method: index, User ID: 8, Role: technologist
[2025-05-22 17:36:01] [info] Request: technologist/qualityChecks, Controller: TechnologistController, Method: qualityChecks, User ID: 8, Role: technologist
[2025-05-22 17:36:02] [info] Request: favicon.ico, Controller: Favicon.icoController, Method: index, User ID: 8, Role: technologist
[2025-05-22 17:36:02] [error] Controller not found: Favicon.icoController, redirecting to login
[2025-05-22 17:36:02] [info] Request: auth/login, Controller: AuthController, Method: login, User ID: 8, Role: technologist
[2025-05-22 17:36:02] [info] Request: home, Controller: HomeController, Method: index, User ID: 8, Role: technologist
[2025-05-22 17:36:07] [info] Request: home/messages, Controller: HomeController, Method: messages, User ID: 8, Role: technologist
[2025-05-22 17:36:08] [info] Request: favicon.ico, Controller: Favicon.icoController, Method: index, User ID: 8, Role: technologist
[2025-05-22 17:36:08] [error] Controller not found: Favicon.icoController, redirecting to login
[2025-05-22 17:36:08] [info] Request: auth/login, Controller: AuthController, Method: login, User ID: 8, Role: technologist
[2025-05-22 17:36:08] [info] Request: home, Controller: HomeController, Method: index, User ID: 8, Role: technologist
[2025-05-22 17:36:11] [info] Request: home/profile, Controller: HomeController, Method: profile, User ID: 8, Role: technologist
[2025-05-22 17:36:12] [info] Request: auth/logout, Controller: AuthController, Method: logout, User ID: 8, Role: technologist
[2025-05-22 17:36:12] [info] Request: auth/login, Controller: AuthController, Method: login, User: Not logged in
[2025-05-22 17:36:13] [info] Request: favicon.ico, Controller: Favicon.icoController, Method: index, User: Not logged in
[2025-05-22 17:36:13] [error] Controller not found: Favicon.icoController, redirecting to login
[2025-05-22 17:36:13] [info] Request: auth/login, Controller: AuthController, Method: login, User: Not logged in
[2025-05-22 17:36:20] [info] Request: auth/login, Controller: AuthController, Method: login, User: Not logged in
[2025-05-22 17:36:20] [info] Request: home, Controller: HomeController, Method: index, User ID: 8, Role: technologist
[2025-05-22 17:36:21] [info] Request: favicon.ico, Controller: Favicon.icoController, Method: index, User ID: 8, Role: technologist
[2025-05-22 17:36:21] [error] Controller not found: Favicon.icoController, redirecting to login
[2025-05-22 17:36:21] [info] Request: auth/login, Controller: AuthController, Method: login, User ID: 8, Role: technologist
[2025-05-22 17:36:21] [info] Request: home, Controller: HomeController, Method: index, User ID: 8, Role: technologist
[2025-05-22 17:36:23] [info] Request: technologist/qualityChecks, Controller: TechnologistController, Method: qualityChecks, User ID: 8, Role: technologist
[2025-05-22 17:36:24] [info] Request: favicon.ico, Controller: Favicon.icoController, Method: index, User ID: 8, Role: technologist
[2025-05-22 17:36:24] [error] Controller not found: Favicon.icoController, redirecting to login
[2025-05-22 17:36:24] [info] Request: auth/login, Controller: AuthController, Method: login, User ID: 8, Role: technologist
[2025-05-22 17:36:24] [info] Request: home, Controller: HomeController, Method: index, User ID: 8, Role: technologist
[2025-05-22 17:36:28] [info] Request: home/messages, Controller: HomeController, Method: messages, User ID: 8, Role: technologist
[2025-05-22 17:36:29] [info] Request: home, Controller: HomeController, Method: index, User ID: 8, Role: technologist
[2025-05-22 17:36:31] [info] Request: favicon.ico, Controller: Favicon.icoController, Method: index, User ID: 8, Role: technologist
[2025-05-22 17:36:31] [error] Controller not found: Favicon.icoController, redirecting to login
[2025-05-22 17:36:31] [info] Request: auth/login, Controller: AuthController, Method: login, User ID: 8, Role: technologist
[2025-05-22 17:36:31] [info] Request: home, Controller: HomeController, Method: index, User ID: 8, Role: technologist
[2025-05-22 17:37:04] [info] Request: home, Controller: HomeController, Method: index, User ID: 8, Role: technologist
[2025-05-22 17:37:05] [info] Request: favicon.ico, Controller: Favicon.icoController, Method: index, User ID: 8, Role: technologist
[2025-05-22 17:37:05] [error] Controller not found: Favicon.icoController, redirecting to login
[2025-05-22 17:37:05] [info] Request: auth/login, Controller: AuthController, Method: login, User ID: 8, Role: technologist
[2025-05-22 17:37:05] [info] Request: home, Controller: HomeController, Method: index, User ID: 8, Role: technologist
[2025-05-22 17:37:21] [info] Request: home, Controller: HomeController, Method: index, User ID: 8, Role: technologist
[2025-05-22 17:37:22] [info] Request: favicon.ico, Controller: Favicon.icoController, Method: index, User ID: 8, Role: technologist
[2025-05-22 17:37:22] [error] Controller not found: Favicon.icoController, redirecting to login
[2025-05-22 17:37:22] [info] Request: auth/login, Controller: AuthController, Method: login, User ID: 8, Role: technologist
[2025-05-22 17:37:22] [info] Request: home, Controller: HomeController, Method: index, User ID: 8, Role: technologist
[2025-05-22 17:37:56] [info] Request: home, Controller: HomeController, Method: index, User ID: 8, Role: technologist
[2025-05-22 17:37:58] [info] Request: favicon.ico, Controller: Favicon.icoController, Method: index, User ID: 8, Role: technologist
[2025-05-22 17:37:58] [error] Controller not found: Favicon.icoController, redirecting to login
[2025-05-22 17:37:58] [info] Request: auth/login, Controller: AuthController, Method: login, User ID: 8, Role: technologist
[2025-05-22 17:37:58] [info] Request: home, Controller: HomeController, Method: index, User ID: 8, Role: technologist
[2025-05-22 17:39:08] [info] Request: home, Controller: HomeController, Method: index, User ID: 8, Role: technologist
[2025-05-22 17:39:09] [info] Request: favicon.ico, Controller: Favicon.icoController, Method: index, User ID: 8, Role: technologist
[2025-05-22 17:39:09] [error] Controller not found: Favicon.icoController, redirecting to login
[2025-05-22 17:39:09] [info] Request: auth/login, Controller: AuthController, Method: login, User ID: 8, Role: technologist
[2025-05-22 17:39:09] [info] Request: home, Controller: HomeController, Method: index, User ID: 8, Role: technologist
[2025-05-22 17:40:01] [info] Request: home, Controller: HomeController, Method: index, User ID: 8, Role: technologist
[2025-05-22 17:40:03] [info] Request: favicon.ico, Controller: Favicon.icoController, Method: index, User ID: 8, Role: technologist
[2025-05-22 17:40:03] [error] Controller not found: Favicon.icoController, redirecting to login
[2025-05-22 17:40:03] [info] Request: auth/login, Controller: AuthController, Method: login, User ID: 8, Role: technologist
[2025-05-22 17:40:03] [info] Request: home, Controller: HomeController, Method: index, User ID: 8, Role: technologist
[2025-05-22 17:40:18] [info] Request: home, Controller: HomeController, Method: index, User ID: 8, Role: technologist
[2025-05-22 17:40:19] [info] Request: favicon.ico, Controller: Favicon.icoController, Method: index, User ID: 8, Role: technologist
[2025-05-22 17:40:19] [error] Controller not found: Favicon.icoController, redirecting to login
[2025-05-22 17:40:19] [info] Request: auth/login, Controller: AuthController, Method: login, User ID: 8, Role: technologist
[2025-05-22 17:40:19] [info] Request: home, Controller: HomeController, Method: index, User ID: 8, Role: technologist
[2025-05-22 17:40:59] [info] Request: home, Controller: HomeController, Method: index, User ID: 8, Role: technologist
[2025-05-22 17:41:00] [info] Request: favicon.ico, Controller: Favicon.icoController, Method: index, User ID: 8, Role: technologist
[2025-05-22 17:41:00] [error] Controller not found: Favicon.icoController, redirecting to login
[2025-05-22 17:41:00] [info] Request: auth/login, Controller: AuthController, Method: login, User ID: 8, Role: technologist
[2025-05-22 17:41:00] [info] Request: home, Controller: HomeController, Method: index, User ID: 8, Role: technologist
[2025-05-22 17:41:10] [info] Request: home, Controller: HomeController, Method: index, User ID: 8, Role: technologist
[2025-05-22 17:41:11] [info] Request: favicon.ico, Controller: Favicon.icoController, Method: index, User ID: 8, Role: technologist
[2025-05-22 17:41:11] [error] Controller not found: Favicon.icoController, redirecting to login
[2025-05-22 17:41:11] [info] Request: auth/login, Controller: AuthController, Method: login, User ID: 8, Role: technologist
[2025-05-22 17:41:11] [info] Request: home, Controller: HomeController, Method: index, User ID: 8, Role: technologist
[2025-05-22 17:43:16] [info] Request: home, Controller: HomeController, Method: index, User ID: 8, Role: technologist
[2025-05-22 17:43:17] [info] Request: favicon.ico, Controller: Favicon.icoController, Method: index, User ID: 8, Role: technologist
[2025-05-22 17:43:17] [error] Controller not found: Favicon.icoController, redirecting to login
[2025-05-22 17:43:17] [info] Request: auth/login, Controller: AuthController, Method: login, User ID: 8, Role: technologist
[2025-05-22 17:43:17] [info] Request: home, Controller: HomeController, Method: index, User ID: 8, Role: technologist
[2025-05-22 17:43:40] [info] Request: home, Controller: HomeController, Method: index, User ID: 8, Role: technologist
[2025-05-22 17:43:41] [info] Request: favicon.ico, Controller: Favicon.icoController, Method: index, User ID: 8, Role: technologist
[2025-05-22 17:43:41] [error] Controller not found: Favicon.icoController, redirecting to login
[2025-05-22 17:43:41] [info] Request: auth/login, Controller: AuthController, Method: login, User ID: 8, Role: technologist
[2025-05-22 17:43:41] [info] Request: home, Controller: HomeController, Method: index, User ID: 8, Role: technologist
[2025-05-22 17:46:31] [info] Request: supplier/materials, Controller: SupplierController, Method: materials, User ID: 8, Role: technologist
[2025-05-22 17:46:31] [info] Request: home, Controller: HomeController, Method: index, User ID: 8, Role: technologist
[2025-05-22 17:46:33] [info] Request: favicon.ico, Controller: Favicon.icoController, Method: index, User ID: 8, Role: technologist
[2025-05-22 17:46:33] [error] Controller not found: Favicon.icoController, redirecting to login
[2025-05-22 17:46:33] [info] Request: auth/login, Controller: AuthController, Method: login, User ID: 8, Role: technologist
[2025-05-22 17:46:33] [info] Request: home, Controller: HomeController, Method: index, User ID: 8, Role: technologist
[2025-05-22 17:46:38] [info] Request: home, Controller: HomeController, Method: index, User ID: 8, Role: technologist
[2025-05-22 17:46:39] [info] Request: favicon.ico, Controller: Favicon.icoController, Method: index, User ID: 8, Role: technologist
[2025-05-22 17:46:39] [error] Controller not found: Favicon.icoController, redirecting to login
[2025-05-22 17:46:39] [info] Request: auth/login, Controller: AuthController, Method: login, User ID: 8, Role: technologist
[2025-05-22 17:46:39] [info] Request: home, Controller: HomeController, Method: index, User ID: 8, Role: technologist
[2025-05-22 17:46:42] [info] Request: home, Controller: HomeController, Method: index, User ID: 8, Role: technologist
[2025-05-22 17:46:43] [info] Request: favicon.ico, Controller: Favicon.icoController, Method: index, User ID: 8, Role: technologist
[2025-05-22 17:46:43] [error] Controller not found: Favicon.icoController, redirecting to login
[2025-05-22 17:46:43] [info] Request: auth/login, Controller: AuthController, Method: login, User ID: 8, Role: technologist
[2025-05-22 17:46:43] [info] Request: home, Controller: HomeController, Method: index, User ID: 8, Role: technologist
[2025-05-22 17:46:44] [info] Request: technologist/qualityChecks, Controller: TechnologistController, Method: qualityChecks, User ID: 8, Role: technologist
[2025-05-22 17:46:45] [info] Request: favicon.ico, Controller: Favicon.icoController, Method: index, User ID: 8, Role: technologist
[2025-05-22 17:46:45] [error] Controller not found: Favicon.icoController, redirecting to login
[2025-05-22 17:46:45] [info] Request: auth/login, Controller: AuthController, Method: login, User ID: 8, Role: technologist
[2025-05-22 17:46:45] [info] Request: home, Controller: HomeController, Method: index, User ID: 8, Role: technologist
[2025-05-22 17:46:45] [info] Request: technologist/qualityStandards, Controller: TechnologistController, Method: qualityStandards, User ID: 8, Role: technologist
[2025-05-22 17:46:46] [info] Request: technologist/reports, Controller: TechnologistController, Method: reports, User ID: 8, Role: technologist
[2025-05-22 17:46:46] [warning] Method not found: reports in controller: TechnologistController, redirecting to index
[2025-05-22 17:46:46] [info] Request: technologist, Controller: TechnologistController, Method: index, User ID: 8, Role: technologist
[2025-05-22 17:46:48] [info] Request: favicon.ico, Controller: Favicon.icoController, Method: index, User ID: 8, Role: technologist
[2025-05-22 17:46:48] [error] Controller not found: Favicon.icoController, redirecting to login
[2025-05-22 17:46:48] [info] Request: auth/login, Controller: AuthController, Method: login, User ID: 8, Role: technologist
[2025-05-22 17:46:48] [info] Request: home, Controller: HomeController, Method: index, User ID: 8, Role: technologist
[2025-05-22 17:46:51] [info] Request: technologist/standards, Controller: TechnologistController, Method: standards, User ID: 8, Role: technologist
[2025-05-22 17:46:51] [warning] Method not found: standards in controller: TechnologistController, redirecting to index
[2025-05-22 17:46:51] [info] Request: technologist, Controller: TechnologistController, Method: index, User ID: 8, Role: technologist
[2025-05-22 17:46:52] [info] Request: favicon.ico, Controller: Favicon.icoController, Method: index, User ID: 8, Role: technologist
[2025-05-22 17:46:52] [error] Controller not found: Favicon.icoController, redirecting to login
[2025-05-22 17:46:52] [info] Request: auth/login, Controller: AuthController, Method: login, User ID: 8, Role: technologist
[2025-05-22 17:46:52] [info] Request: home, Controller: HomeController, Method: index, User ID: 8, Role: technologist
[2025-05-22 17:46:54] [info] Request: technologist/qualityChecks, Controller: TechnologistController, Method: qualityChecks, User ID: 8, Role: technologist
[2025-05-22 17:46:56] [info] Request: favicon.ico, Controller: Favicon.icoController, Method: index, User ID: 8, Role: technologist
[2025-05-22 17:46:56] [error] Controller not found: Favicon.icoController, redirecting to login
[2025-05-22 17:46:56] [info] Request: auth/login, Controller: AuthController, Method: login, User ID: 8, Role: technologist
[2025-05-22 17:46:56] [info] Request: home, Controller: HomeController, Method: index, User ID: 8, Role: technologist
[2025-05-22 17:46:57] [info] Request: technologist/viewQualityCheck/3, Controller: TechnologistController, Method: viewQualityCheck, User ID: 8, Role: technologist
[2025-05-22 17:46:58] [info] Request: favicon.ico, Controller: Favicon.icoController, Method: index, User ID: 8, Role: technologist
[2025-05-22 17:46:58] [error] Controller not found: Favicon.icoController, redirecting to login
[2025-05-22 17:46:58] [info] Request: auth/login, Controller: AuthController, Method: login, User ID: 8, Role: technologist
[2025-05-22 17:46:58] [info] Request: home, Controller: HomeController, Method: index, User ID: 8, Role: technologist
[2025-05-22 17:47:01] [info] Request: home/messages, Controller: HomeController, Method: messages, User ID: 8, Role: technologist
[2025-05-22 17:47:02] [info] Request: favicon.ico, Controller: Favicon.icoController, Method: index, User ID: 8, Role: technologist
[2025-05-22 17:47:02] [error] Controller not found: Favicon.icoController, redirecting to login
[2025-05-22 17:47:02] [info] Request: auth/login, Controller: AuthController, Method: login, User ID: 8, Role: technologist
[2025-05-22 17:47:02] [info] Request: home, Controller: HomeController, Method: index, User ID: 8, Role: technologist
[2025-05-22 17:47:04] [info] Request: home, Controller: HomeController, Method: index, User ID: 8, Role: technologist
[2025-05-22 17:47:05] [info] Request: favicon.ico, Controller: Favicon.icoController, Method: index, User ID: 8, Role: technologist
[2025-05-22 17:47:05] [error] Controller not found: Favicon.icoController, redirecting to login
[2025-05-22 17:47:05] [info] Request: auth/login, Controller: AuthController, Method: login, User ID: 8, Role: technologist
[2025-05-22 17:47:05] [info] Request: home, Controller: HomeController, Method: index, User ID: 8, Role: technologist
[2025-05-22 17:47:05] [info] Request: home/profile, Controller: HomeController, Method: profile, User ID: 8, Role: technologist
[2025-05-22 17:47:07] [info] Request: favicon.ico, Controller: Favicon.icoController, Method: index, User ID: 8, Role: technologist
[2025-05-22 17:47:07] [error] Controller not found: Favicon.icoController, redirecting to login
[2025-05-22 17:47:07] [info] Request: auth/login, Controller: AuthController, Method: login, User ID: 8, Role: technologist
[2025-05-22 17:47:07] [info] Request: home, Controller: HomeController, Method: index, User ID: 8, Role: technologist
[2025-05-22 17:47:08] [info] Request: home/messages, Controller: HomeController, Method: messages, User ID: 8, Role: technologist
[2025-05-22 17:47:09] [info] Request: favicon.ico, Controller: Favicon.icoController, Method: index, User ID: 8, Role: technologist
[2025-05-22 17:47:09] [error] Controller not found: Favicon.icoController, redirecting to login
[2025-05-22 17:47:09] [info] Request: auth/login, Controller: AuthController, Method: login, User ID: 8, Role: technologist
[2025-05-22 17:47:09] [info] Request: home, Controller: HomeController, Method: index, User ID: 8, Role: technologist
[2025-05-22 17:47:09] [info] Request: technologist/qualityChecks, Controller: TechnologistController, Method: qualityChecks, User ID: 8, Role: technologist
[2025-05-22 17:47:11] [info] Request: favicon.ico, Controller: Favicon.icoController, Method: index, User ID: 8, Role: technologist
[2025-05-22 17:47:11] [error] Controller not found: Favicon.icoController, redirecting to login
[2025-05-22 17:47:11] [info] Request: auth/login, Controller: AuthController, Method: login, User ID: 8, Role: technologist
[2025-05-22 17:47:11] [info] Request: technologist/qualityStandards, Controller: TechnologistController, Method: qualityStandards, User ID: 8, Role: technologist
[2025-05-22 17:47:11] [info] Request: home, Controller: HomeController, Method: index, User ID: 8, Role: technologist
[2025-05-22 17:47:12] [info] Request: technologist/reports, Controller: TechnologistController, Method: reports, User ID: 8, Role: technologist
[2025-05-22 17:47:12] [warning] Method not found: reports in controller: TechnologistController, redirecting to index
[2025-05-22 17:47:12] [info] Request: technologist, Controller: TechnologistController, Method: index, User ID: 8, Role: technologist
[2025-05-22 17:47:13] [info] Request: favicon.ico, Controller: Favicon.icoController, Method: index, User ID: 8, Role: technologist
[2025-05-22 17:47:13] [error] Controller not found: Favicon.icoController, redirecting to login
[2025-05-22 17:47:13] [info] Request: auth/login, Controller: AuthController, Method: login, User ID: 8, Role: technologist
[2025-05-22 17:47:13] [info] Request: home, Controller: HomeController, Method: index, User ID: 8, Role: technologist
[2025-05-22 17:47:13] [info] Request: home, Controller: HomeController, Method: index, User ID: 8, Role: technologist
[2025-05-22 17:47:15] [info] Request: favicon.ico, Controller: Favicon.icoController, Method: index, User ID: 8, Role: technologist
[2025-05-22 17:47:15] [error] Controller not found: Favicon.icoController, redirecting to login
[2025-05-22 17:47:15] [info] Request: auth/login, Controller: AuthController, Method: login, User ID: 8, Role: technologist
[2025-05-22 17:47:15] [info] Request: home, Controller: HomeController, Method: index, User ID: 8, Role: technologist
[2025-05-22 17:47:19] [info] Request: home/profile, Controller: HomeController, Method: profile, User ID: 8, Role: technologist
[2025-05-22 17:47:20] [info] Request: favicon.ico, Controller: Favicon.icoController, Method: index, User ID: 8, Role: technologist
[2025-05-22 17:47:20] [error] Controller not found: Favicon.icoController, redirecting to login
[2025-05-22 17:47:20] [info] Request: auth/login, Controller: AuthController, Method: login, User ID: 8, Role: technologist
[2025-05-22 17:47:20] [info] Request: home, Controller: HomeController, Method: index, User ID: 8, Role: technologist
[2025-05-22 17:47:20] [info] Request: home/messages, Controller: HomeController, Method: messages, User ID: 8, Role: technologist
[2025-05-22 17:47:22] [info] Request: favicon.ico, Controller: Favicon.icoController, Method: index, User ID: 8, Role: technologist
[2025-05-22 17:47:22] [error] Controller not found: Favicon.icoController, redirecting to login
[2025-05-22 17:47:22] [info] Request: auth/login, Controller: AuthController, Method: login, User ID: 8, Role: technologist
[2025-05-22 17:47:22] [info] Request: home, Controller: HomeController, Method: index, User ID: 8, Role: technologist
[2025-05-22 17:47:23] [info] Request: auth/logout, Controller: AuthController, Method: logout, User ID: 8, Role: technologist
[2025-05-22 17:47:23] [info] Request: auth/login, Controller: AuthController, Method: login, User: Not logged in
[2025-05-22 17:47:25] [info] Request: favicon.ico, Controller: Favicon.icoController, Method: index, User: Not logged in
[2025-05-22 17:47:25] [error] Controller not found: Favicon.icoController, redirecting to login
[2025-05-22 17:47:25] [info] Request: auth/login, Controller: AuthController, Method: login, User: Not logged in
[2025-05-22 17:47:27] [info] Request: auth/login, Controller: AuthController, Method: login, User: Not logged in
[2025-05-22 17:47:28] [info] Request: favicon.ico, Controller: Favicon.icoController, Method: index, User: Not logged in
[2025-05-22 17:47:28] [error] Controller not found: Favicon.icoController, redirecting to login
[2025-05-22 17:47:28] [info] Request: auth/login, Controller: AuthController, Method: login, User: Not logged in
[2025-05-22 17:47:38] [info] Request: auth/login, Controller: AuthController, Method: login, User: Not logged in
[2025-05-22 17:47:39] [info] Request: favicon.ico, Controller: Favicon.icoController, Method: index, User: Not logged in
[2025-05-22 17:47:39] [error] Controller not found: Favicon.icoController, redirecting to login
[2025-05-22 17:47:39] [info] Request: auth/login, Controller: AuthController, Method: login, User: Not logged in
[2025-05-22 17:47:42] [info] Request: auth/login, Controller: AuthController, Method: login, User: Not logged in
[2025-05-22 17:47:42] [info] Request: home, Controller: HomeController, Method: index, User ID: 2, Role: warehouse_manager
[2025-05-22 17:47:44] [info] Request: favicon.ico, Controller: Favicon.icoController, Method: index, User ID: 2, Role: warehouse_manager
[2025-05-22 17:47:44] [error] Controller not found: Favicon.icoController, redirecting to login
[2025-05-22 17:47:44] [info] Request: auth/login, Controller: AuthController, Method: login, User ID: 2, Role: warehouse_manager
[2025-05-22 17:47:44] [info] Request: home, Controller: HomeController, Method: index, User ID: 2, Role: warehouse_manager
[2025-05-22 17:47:48] [info] Request: warehouse/inventory, Controller: WarehouseController, Method: inventory, User ID: 2, Role: warehouse_manager
[2025-05-22 17:47:49] [info] Request: warehouse/production, Controller: WarehouseController, Method: production, User ID: 2, Role: warehouse_manager
[2025-05-22 17:47:51] [info] Request: favicon.ico, Controller: Favicon.icoController, Method: index, User ID: 2, Role: warehouse_manager
[2025-05-22 17:47:51] [error] Controller not found: Favicon.icoController, redirecting to login
[2025-05-22 17:47:51] [info] Request: auth/login, Controller: AuthController, Method: login, User ID: 2, Role: warehouse_manager
[2025-05-22 17:47:51] [info] Request: home, Controller: HomeController, Method: index, User ID: 2, Role: warehouse_manager
[2025-05-22 17:48:01] [info] Request: warehouse/inventory, Controller: WarehouseController, Method: inventory, User ID: 2, Role: warehouse_manager
[2025-05-22 17:48:02] [info] Request: favicon.ico, Controller: Favicon.icoController, Method: index, User ID: 2, Role: warehouse_manager
[2025-05-22 17:48:02] [error] Controller not found: Favicon.icoController, redirecting to login
[2025-05-22 17:48:02] [info] Request: auth/login, Controller: AuthController, Method: login, User ID: 2, Role: warehouse_manager
[2025-05-22 17:48:02] [info] Request: home, Controller: HomeController, Method: index, User ID: 2, Role: warehouse_manager
[2025-05-22 17:48:15] [info] Request: auth/logout, Controller: AuthController, Method: logout, User ID: 2, Role: warehouse_manager
[2025-05-22 17:48:15] [info] Request: auth/login, Controller: AuthController, Method: login, User: Not logged in
[2025-05-22 17:48:17] [info] Request: favicon.ico, Controller: Favicon.icoController, Method: index, User: Not logged in
[2025-05-22 17:48:17] [error] Controller not found: Favicon.icoController, redirecting to login
[2025-05-22 17:48:17] [info] Request: auth/login, Controller: AuthController, Method: login, User: Not logged in
[2025-05-22 17:48:19] [info] Request: auth/login, Controller: AuthController, Method: login, User: Not logged in
[2025-05-22 17:48:19] [info] Request: home, Controller: HomeController, Method: index, User ID: 1, Role: admin
[2025-05-22 17:48:20] [info] Request: favicon.ico, Controller: Favicon.icoController, Method: index, User ID: 1, Role: admin
[2025-05-22 17:48:20] [error] Controller not found: Favicon.icoController, redirecting to login
[2025-05-22 17:48:20] [info] Request: auth/login, Controller: AuthController, Method: login, User ID: 1, Role: admin
[2025-05-22 17:48:20] [info] Request: home, Controller: HomeController, Method: index, User ID: 1, Role: admin
[2025-05-22 17:48:22] [info] Request: admin/recipes, Controller: AdminController, Method: recipes, User ID: 1, Role: admin
[2025-05-22 17:48:23] [info] Request: admin/products, Controller: AdminController, Method: products, User ID: 1, Role: admin
[2025-05-22 17:48:24] [info] Request: admin/orders, Controller: AdminController, Method: orders, User ID: 1, Role: admin
[2025-05-22 17:48:26] [info] Request: admin/cameras, Controller: AdminController, Method: cameras, User ID: 1, Role: admin
[2025-05-22 17:48:27] [info] Request: favicon.ico, Controller: Favicon.icoController, Method: index, User ID: 1, Role: admin
[2025-05-22 17:48:27] [error] Controller not found: Favicon.icoController, redirecting to login
[2025-05-22 17:48:27] [info] Request: auth/login, Controller: AuthController, Method: login, User ID: 1, Role: admin
[2025-05-22 17:48:27] [info] Request: home, Controller: HomeController, Method: index, User ID: 1, Role: admin
[2025-05-22 17:48:29] [info] Request: admin/videoSurveillance, Controller: AdminController, Method: videoSurveillance, User ID: 1, Role: admin
[2025-05-22 17:48:30] [info] Request: favicon.ico, Controller: Favicon.icoController, Method: index, User ID: 1, Role: admin
[2025-05-22 17:48:30] [error] Controller not found: Favicon.icoController, redirecting to login
[2025-05-22 17:48:30] [info] Request: auth/login, Controller: AuthController, Method: login, User ID: 1, Role: admin
[2025-05-22 17:48:30] [info] Request: home, Controller: HomeController, Method: index, User ID: 1, Role: admin
[2025-05-22 17:48:34] [info] Request: admin/cameras, Controller: AdminController, Method: cameras, User ID: 1, Role: admin
[2025-05-22 17:48:35] [info] Request: favicon.ico, Controller: Favicon.icoController, Method: index, User ID: 1, Role: admin
[2025-05-22 17:48:35] [error] Controller not found: Favicon.icoController, redirecting to login
[2025-05-22 17:48:35] [info] Request: auth/login, Controller: AuthController, Method: login, User ID: 1, Role: admin
[2025-05-22 17:48:35] [info] Request: home, Controller: HomeController, Method: index, User ID: 1, Role: admin
[2025-05-22 17:48:43] [info] Request: admin/videoSurveillance, Controller: AdminController, Method: videoSurveillance, User ID: 1, Role: admin
[2025-05-22 17:48:44] [info] Request: favicon.ico, Controller: Favicon.icoController, Method: index, User ID: 1, Role: admin
[2025-05-22 17:48:44] [error] Controller not found: Favicon.icoController, redirecting to login
[2025-05-22 17:48:44] [info] Request: auth/login, Controller: AuthController, Method: login, User ID: 1, Role: admin
[2025-05-22 17:48:44] [info] Request: home, Controller: HomeController, Method: index, User ID: 1, Role: admin
[2025-05-22 17:48:47] [info] Request: admin/cameras, Controller: AdminController, Method: cameras, User ID: 1, Role: admin
[2025-05-22 17:48:48] [info] Request: admin/videoSurveillance, Controller: AdminController, Method: videoSurveillance, User ID: 1, Role: admin
[2025-05-22 17:48:49] [info] Request: home/messages, Controller: HomeController, Method: messages, User ID: 1, Role: admin
[2025-05-22 17:48:50] [info] Request: admin/cameras, Controller: AdminController, Method: cameras, User ID: 1, Role: admin
[2025-05-22 17:48:52] [info] Request: favicon.ico, Controller: Favicon.icoController, Method: index, User ID: 1, Role: admin
[2025-05-22 17:48:52] [error] Controller not found: Favicon.icoController, redirecting to login
[2025-05-22 17:48:52] [info] Request: auth/login, Controller: AuthController, Method: login, User ID: 1, Role: admin
[2025-05-22 17:48:52] [info] Request: home, Controller: HomeController, Method: index, User ID: 1, Role: admin
[2025-05-22 17:48:52] [info] Request: admin/cameras, Controller: AdminController, Method: cameras, User ID: 1, Role: admin
[2025-05-22 17:48:53] [info] Request: favicon.ico, Controller: Favicon.icoController, Method: index, User ID: 1, Role: admin
[2025-05-22 17:48:53] [error] Controller not found: Favicon.icoController, redirecting to login
[2025-05-22 17:48:53] [info] Request: auth/login, Controller: AuthController, Method: login, User ID: 1, Role: admin
[2025-05-22 17:48:53] [info] Request: home, Controller: HomeController, Method: index, User ID: 1, Role: admin
[2025-05-22 17:49:04] [info] Request: admin/cameras, Controller: AdminController, Method: cameras, User ID: 1, Role: admin
[2025-05-22 17:49:05] [info] Request: admin/videoSurveillance, Controller: AdminController, Method: videoSurveillance, User ID: 1, Role: admin
[2025-05-22 17:49:06] [info] Request: favicon.ico, Controller: Favicon.icoController, Method: index, User ID: 1, Role: admin
[2025-05-22 17:49:06] [error] Controller not found: Favicon.icoController, redirecting to login
[2025-05-22 17:49:06] [info] Request: auth/login, Controller: AuthController, Method: login, User ID: 1, Role: admin
[2025-05-22 17:49:06] [info] Request: home, Controller: HomeController, Method: index, User ID: 1, Role: admin
[2025-05-22 17:49:07] [info] Request: admin/addCamera, Controller: AdminController, Method: addCamera, User ID: 1, Role: admin
[2025-05-22 17:49:08] [info] Request: favicon.ico, Controller: Favicon.icoController, Method: index, User ID: 1, Role: admin
[2025-05-22 17:49:08] [error] Controller not found: Favicon.icoController, redirecting to login
[2025-05-22 17:49:08] [info] Request: auth/login, Controller: AuthController, Method: login, User ID: 1, Role: admin
[2025-05-22 17:49:08] [info] Request: home, Controller: HomeController, Method: index, User ID: 1, Role: admin
[2025-05-22 17:49:10] [info] Request: admin/videoSurveillance, Controller: AdminController, Method: videoSurveillance, User ID: 1, Role: admin
[2025-05-22 17:49:11] [info] Request: favicon.ico, Controller: Favicon.icoController, Method: index, User ID: 1, Role: admin
[2025-05-22 17:49:11] [error] Controller not found: Favicon.icoController, redirecting to login
[2025-05-22 17:49:11] [info] Request: auth/login, Controller: AuthController, Method: login, User ID: 1, Role: admin
[2025-05-22 17:49:11] [info] Request: home, Controller: HomeController, Method: index, User ID: 1, Role: admin
[2025-05-22 17:49:32] [info] Request: admin/videoSurveillance, Controller: AdminController, Method: videoSurveillance, User ID: 1, Role: admin
[2025-05-22 17:49:34] [info] Request: favicon.ico, Controller: Favicon.icoController, Method: index, User ID: 1, Role: admin
[2025-05-22 17:49:34] [error] Controller not found: Favicon.icoController, redirecting to login
[2025-05-22 17:49:34] [info] Request: auth/login, Controller: AuthController, Method: login, User ID: 1, Role: admin
[2025-05-22 17:49:34] [info] Request: home, Controller: HomeController, Method: index, User ID: 1, Role: admin
[2025-05-22 17:49:34] [info] Request: home/messages, Controller: HomeController, Method: messages, User ID: 1, Role: admin
[2025-05-22 17:49:36] [info] Request: favicon.ico, Controller: Favicon.icoController, Method: index, User ID: 1, Role: admin
[2025-05-22 17:49:36] [error] Controller not found: Favicon.icoController, redirecting to login
[2025-05-22 17:49:36] [info] Request: auth/login, Controller: AuthController, Method: login, User ID: 1, Role: admin
[2025-05-22 17:49:36] [info] Request: home, Controller: HomeController, Method: index, User ID: 1, Role: admin
[2025-05-22 17:49:37] [info] Request: admin/users, Controller: AdminController, Method: users, User ID: 1, Role: admin
[2025-05-22 17:49:38] [info] Request: favicon.ico, Controller: Favicon.icoController, Method: index, User ID: 1, Role: admin
[2025-05-22 17:49:38] [error] Controller not found: Favicon.icoController, redirecting to login
[2025-05-22 17:49:38] [info] Request: auth/login, Controller: AuthController, Method: login, User ID: 1, Role: admin
[2025-05-22 17:49:38] [info] Request: home, Controller: HomeController, Method: index, User ID: 1, Role: admin
[2025-05-22 17:49:39] [info] Request: admin/orders, Controller: AdminController, Method: orders, User ID: 1, Role: admin
[2025-05-22 17:49:40] [info] Request: favicon.ico, Controller: Favicon.icoController, Method: index, User ID: 1, Role: admin
[2025-05-22 17:49:40] [error] Controller not found: Favicon.icoController, redirecting to login
[2025-05-22 17:49:40] [info] Request: auth/login, Controller: AuthController, Method: login, User ID: 1, Role: admin
[2025-05-22 17:49:40] [info] Request: home, Controller: HomeController, Method: index, User ID: 1, Role: admin
[2025-05-22 17:49:41] [info] Request: admin/createOrder, Controller: AdminController, Method: createOrder, User ID: 1, Role: admin
[2025-05-22 17:49:43] [info] Request: favicon.ico, Controller: Favicon.icoController, Method: index, User ID: 1, Role: admin
[2025-05-22 17:49:43] [error] Controller not found: Favicon.icoController, redirecting to login
[2025-05-22 17:49:43] [info] Request: auth/login, Controller: AuthController, Method: login, User ID: 1, Role: admin
[2025-05-22 17:49:43] [info] Request: home, Controller: HomeController, Method: index, User ID: 1, Role: admin
[2025-05-22 17:49:43] [info] Request: admin/addUser, Controller: AdminController, Method: addUser, User ID: 1, Role: admin
[2025-05-22 17:49:44] [info] Request: favicon.ico, Controller: Favicon.icoController, Method: index, User ID: 1, Role: admin
[2025-05-22 17:49:44] [error] Controller not found: Favicon.icoController, redirecting to login
[2025-05-22 17:49:45] [info] Request: auth/login, Controller: AuthController, Method: login, User ID: 1, Role: admin
[2025-05-22 17:49:45] [info] Request: home, Controller: HomeController, Method: index, User ID: 1, Role: admin
[2025-05-22 17:49:45] [info] Request: admin/createOrder, Controller: AdminController, Method: createOrder, User ID: 1, Role: admin
[2025-05-22 17:49:46] [info] Request: favicon.ico, Controller: Favicon.icoController, Method: index, User ID: 1, Role: admin
[2025-05-22 17:49:46] [error] Controller not found: Favicon.icoController, redirecting to login
[2025-05-22 17:49:46] [info] Request: auth/login, Controller: AuthController, Method: login, User ID: 1, Role: admin
[2025-05-22 17:49:46] [info] Request: home, Controller: HomeController, Method: index, User ID: 1, Role: admin
[2025-05-22 17:49:57] [info] Request: admin/addUser, Controller: AdminController, Method: addUser, User ID: 1, Role: admin
[2025-05-22 17:49:59] [info] Request: favicon.ico, Controller: Favicon.icoController, Method: index, User ID: 1, Role: admin
[2025-05-22 17:49:59] [error] Controller not found: Favicon.icoController, redirecting to login
[2025-05-22 17:49:59] [info] Request: auth/login, Controller: AuthController, Method: login, User ID: 1, Role: admin
[2025-05-22 17:49:59] [info] Request: home, Controller: HomeController, Method: index, User ID: 1, Role: admin
[2025-05-22 17:50:00] [info] Request: admin/users, Controller: AdminController, Method: users, User ID: 1, Role: admin
[2025-05-22 17:50:01] [info] Request: favicon.ico, Controller: Favicon.icoController, Method: index, User ID: 1, Role: admin
[2025-05-22 17:50:01] [error] Controller not found: Favicon.icoController, redirecting to login
[2025-05-22 17:50:01] [info] Request: auth/login, Controller: AuthController, Method: login, User ID: 1, Role: admin
[2025-05-22 17:50:01] [info] Request: home, Controller: HomeController, Method: index, User ID: 1, Role: admin
